2026-01-17 11:01:36,732 - SPP_Management - INFO - Scheduler started
2026-01-17 11:01:36,733 - SPP_Management - INFO - Billing scheduler configured successfully
2026-01-17 11:02:11,171 - SPP_Management - INFO - Scheduler started
2026-01-17 11:02:11,172 - SPP_Management - INFO - Billing scheduler configured successfully
2026-01-17 11:02:32,747 - SPP_Management - INFO - Scheduler started
2026-01-17 11:02:32,748 - SPP_Management - INFO - Billing scheduler configured successfully
2026-01-17 11:05:49,681 - SPP_Management - INFO - Scheduler started
2026-01-17 11:05:49,682 - SPP_Management - INFO - Billing scheduler configured successfully
2026-01-17 11:05:50,477 - SPP_Management - INFO - Scheduler started
2026-01-17 11:05:50,478 - SPP_Management - INFO - Billing scheduler configured successfully
2026-01-17 11:06:01,356 - SPP_Management - INFO - Scheduler started
2026-01-17 11:06:01,357 - SPP_Management - INFO - Billing scheduler configured successfully
2026-01-17 11:06:40,733 - SPP_Management - INFO - Scheduler started
2026-01-17 11:06:40,734 - SPP_Management - INFO - Billing scheduler configured successfully
2026-01-17 11:06:41,393 - SPP_Management - INFO - Scheduler started
2026-01-17 11:06:41,395 - SPP_Management - INFO - Billing scheduler configured successfully
2026-01-17 11:07:59,704 - SPP_Management - INFO - Scheduler started
2026-01-17 11:07:59,704 - SPP_Management - INFO - Billing scheduler configured successfully
2026-01-17 11:08:00,424 - SPP_Management - INFO - Scheduler started
2026-01-17 11:08:00,425 - SPP_Management - INFO - Billing scheduler configured successfully
2026-01-17 11:13:23,394 - SPP_Management - INFO - Scheduler started
2026-01-17 11:13:23,395 - SPP_Management - INFO - Billing scheduler configured successfully
2026-01-17 11:13:26,215 - SPP_Management - INFO - Scheduler started
2026-01-17 11:13:26,216 - SPP_Management - INFO - Billing scheduler configured successfully
2026-01-17 11:13:35,177 - SPP_Management - INFO - Scheduler started
2026-01-17 11:13:35,178 - SPP_Management - INFO - Billing scheduler configured successfully
2026-01-17 11:13:40,844 - SPP_Management - INFO - Scheduler started
2026-01-17 11:13:40,845 - SPP_Management - INFO - Billing scheduler configured successfully
2026-01-17 11:13:41,521 - SPP_Management - INFO - Scheduler started
2026-01-17 11:13:41,522 - SPP_Management - INFO - Billing scheduler configured successfully
2026-01-17 11:13:43,060 - SPP_Management - INFO - Scheduler started
2026-01-17 11:13:43,061 - SPP_Management - INFO - Billing scheduler configured successfully
2026-01-17 11:13:43,303 - SPP_Management - INFO - Scheduler started
2026-01-17 11:13:43,304 - SPP_Management - INFO - Billing scheduler configured successfully
2026-01-17 11:18:35,436 - SPP_Management - INFO - Scheduler started
2026-01-17 11:18:35,437 - SPP_Management - INFO - Billing scheduler configured successfully
2026-01-17 11:18:35,700 - SPP_Management - INFO - Scheduler started
2026-01-17 11:18:35,701 - SPP_Management - INFO - Billing scheduler configured successfully
2026-01-17 16:18:53,448 - SPP_Management - INFO - Scheduler started
2026-01-17 16:18:53,451 - SPP_Management - INFO - Billing scheduler configured successfully
2026-01-17 16:18:54,485 - SPP_Management - INFO - Scheduler started
2026-01-17 16:18:54,486 - SPP_Management - INFO - Billing scheduler configured successfully
2026-01-17 16:21:31,948 - SPP_Management - INFO - Scheduler started
2026-01-17 16:21:31,949 - SPP_Management - INFO - Billing scheduler configured successfully
2026-01-17 16:21:32,873 - SPP_Management - INFO - Scheduler started
2026-01-17 16:21:32,874 - SPP_Management - INFO - Billing scheduler configured successfully
2026-01-17 16:23:49,749 - SPP_Management - INFO - Scheduler started
2026-01-17 16:23:49,750 - SPP_Management - INFO - Billing scheduler configured successfully
2026-01-17 16:23:50,570 - SPP_Management - INFO - Scheduler started
2026-01-17 16:23:50,571 - SPP_Management - INFO - Billing scheduler configured successfully
2026-01-17 16:24:55,080 - SPP_Management - INFO - Scheduler started
2026-01-17 16:24:55,080 - SPP_Management - INFO - Billing scheduler configured successfully
2026-01-17 16:25:08,470 - SPP_Management - INFO - Scheduler started
2026-01-17 16:25:08,471 - SPP_Management - INFO - Billing scheduler configured successfully
2026-01-17 16:25:09,343 - SPP_Management - INFO - Scheduler started
2026-01-17 16:25:09,344 - SPP_Management - INFO - Billing scheduler configured successfully
2026-01-17 16:33:00,933 - SPP_Management - INFO - Scheduler started
2026-01-17 16:33:00,935 - SPP_Management - INFO - Billing scheduler configured successfully
2026-01-17 16:46:36,354 - SPP_Management - INFO - Scheduler started
2026-01-17 16:46:36,356 - SPP_Management - INFO - Billing scheduler configured successfully
2026-01-17 16:47:40,723 - SPP_Management - INFO - Scheduler started
2026-01-17 16:47:40,725 - SPP_Management - INFO - Billing scheduler configured successfully
2026-01-17 16:47:52,459 - SPP_Management - INFO - Scheduler started
2026-01-17 16:47:52,460 - SPP_Management - INFO - Billing scheduler configured successfully
2026-01-17 16:48:16,972 - SPP_Management - INFO - Scheduler started
2026-01-17 16:48:16,974 - SPP_Management - INFO - Billing scheduler configured successfully
2026-01-17 16:56:02,196 - SPP_Management - INFO - Scheduler started
2026-01-17 16:56:02,197 - SPP_Management - INFO - Billing scheduler configured successfully
2026-01-17 16:56:02,858 - SPP_Management - INFO - Scheduler started
2026-01-17 16:56:02,859 - SPP_Management - INFO - Billing scheduler configured successfully
2026-01-17 16:56:43,245 - SPP_Management - INFO - Scheduler started
2026-01-17 16:56:43,247 - SPP_Management - INFO - Billing scheduler configured successfully
2026-01-17 17:03:01,431 - SPP_Management - INFO - Scheduler started
2026-01-17 17:03:01,432 - SPP_Management - INFO - Billing scheduler configured successfully
2026-01-17 17:03:02,061 - SPP_Management - INFO - Scheduler started
2026-01-17 17:03:02,062 - SPP_Management - INFO - Billing scheduler configured successfully
2026-01-17 17:05:29,809 - SPP_Management - INFO - Scheduler started
2026-01-17 17:05:29,810 - SPP_Management - INFO - Billing scheduler configured successfully
2026-01-17 17:05:30,500 - SPP_Management - INFO - Scheduler started
2026-01-17 17:05:30,501 - SPP_Management - INFO - Billing scheduler configured successfully
2026-01-17 17:13:31,653 - SPP_Management - INFO - Scheduler started
2026-01-17 17:13:31,654 - SPP_Management - INFO - Billing scheduler configured successfully
2026-01-17 17:13:32,271 - SPP_Management - INFO - Scheduler started
2026-01-17 17:13:32,271 - SPP_Management - INFO - Billing scheduler configured successfully
2026-01-17 17:16:34,838 - SPP_Management - INFO - Scheduler started
2026-01-17 17:16:34,839 - SPP_Management - INFO - Billing scheduler configured successfully
2026-01-17 17:16:55,591 - SPP_Management - INFO - Student deleted: 20241005 - Eka Putri
2026-01-17 17:17:00,341 - SPP_Management - INFO - Student deleted: 20241006 - Fajar Wijaya
2026-01-17 17:17:04,261 - SPP_Management - INFO - Student deleted: 20241007 - Gita Kusuma
2026-01-17 17:17:07,547 - SPP_Management - INFO - Student deleted: 20241008 - Hendra Syahputra
2026-01-17 17:17:11,052 - SPP_Management - INFO - Student deleted: 24360001 - MUHAMMAD SECHAN AURIEL
2026-01-17 17:17:15,953 - SPP_Management - INFO - Student deleted: 24360002 - PUTRI NURHALIZA
2026-01-17 17:18:13,523 - SPP_Management - INFO - Student created: 24360001 - MUHAMMAD SECHAN AURIEL
2026-01-17 17:19:18,132 - SPP_Management - INFO - Student created: 24360002 - PUTRI NURHALIZA
2026-01-17 17:23:55,885 - SPP_Management - INFO - Scheduler started
2026-01-17 17:23:55,886 - SPP_Management - INFO - Billing scheduler configured successfully
2026-01-17 17:24:05,789 - SPP_Management - INFO - Scheduler started
2026-01-17 17:24:05,790 - SPP_Management - INFO - Billing scheduler configured successfully
2026-01-17 17:24:10,590 - SPP_Management - INFO - Scheduler started
2026-01-17 17:24:10,591 - SPP_Management - INFO - Billing scheduler configured successfully
2026-01-17 17:24:32,648 - SPP_Management - INFO - Scheduler started
2026-01-17 17:24:32,649 - SPP_Management - INFO - Billing scheduler configured successfully
2026-01-17 17:24:53,701 - SPP_Management - INFO - Scheduler started
2026-01-17 17:24:53,702 - SPP_Management - INFO - Billing scheduler configured successfully
2026-01-17 17:25:05,579 - SPP_Management - INFO - Scheduler started
2026-01-17 17:25:05,580 - SPP_Management - INFO - Billing scheduler configured successfully
2026-01-17 17:36:29,358 - SPP_Management - INFO - Scheduler started
2026-01-17 17:36:29,360 - SPP_Management - INFO - Billing scheduler configured successfully
2026-01-17 17:36:30,726 - SPP_Management - INFO - Scheduler started
2026-01-17 17:36:30,729 - SPP_Management - INFO - Billing scheduler configured successfully
2026-01-17 17:50:33,938 - SPP_Management - INFO - Scheduler started
2026-01-17 17:50:33,939 - SPP_Management - INFO - Billing scheduler configured successfully
2026-01-17 17:50:34,640 - SPP_Management - INFO - Scheduler started
2026-01-17 17:50:34,641 - SPP_Management - INFO - Billing scheduler configured successfully
2026-01-17 17:52:50,147 - SPP_Management - INFO - Scheduler started
2026-01-17 17:52:50,148 - SPP_Management - INFO - Billing scheduler configured successfully
2026-01-17 17:53:35,579 - SPP_Management - INFO - Scheduler started
2026-01-17 17:53:35,580 - SPP_Management - INFO - Billing scheduler configured successfully
2026-01-17 17:53:51,078 - SPP_Management - INFO - Berhasil generate billing untuk 2 mahasiswa
2026-01-17 17:57:26,743 - SPP_Management - INFO - Scheduler started
2026-01-17 17:57:26,743 - SPP_Management - INFO - Billing scheduler configured successfully
2026-01-17 17:58:02,219 - SPP_Management - INFO - Scheduler started
2026-01-17 17:58:02,221 - SPP_Management - INFO - Billing scheduler configured successfully
2026-01-17 17:58:16,762 - SPP_Management - INFO - Scheduler started
2026-01-17 17:58:16,763 - SPP_Management - INFO - Billing scheduler configured successfully
2026-01-17 17:58:17,488 - SPP_Management - INFO - Scheduler started
2026-01-17 17:58:17,488 - SPP_Management - INFO - Billing scheduler configured successfully
2026-01-17 17:59:06,175 - SPP_Management - INFO - Berhasil generate billing untuk 0 mahasiswa
2026-01-17 18:00:34,523 - SPP_Management - INFO - Scheduler started
2026-01-17 18:00:34,524 - SPP_Management - INFO - Billing scheduler configured successfully
2026-01-17 18:00:35,271 - SPP_Management - INFO - Scheduler started
2026-01-17 18:00:35,272 - SPP_Management - INFO - Billing scheduler configured successfully
2026-01-17 18:03:03,344 - SPP_Management - INFO - Scheduler started
2026-01-17 18:03:03,345 - SPP_Management - INFO - Billing scheduler configured successfully
2026-01-17 18:03:03,347 - SPP_Management - INFO - Scheduler started
2026-01-17 18:03:03,347 - SPP_Management - INFO - Billing scheduler configured successfully
2026-01-17 18:03:03,423 - SPP_Management - INFO - Scheduler started
2026-01-17 18:03:03,424 - SPP_Management - INFO - Billing scheduler configured successfully
2026-01-17 18:03:07,260 - SPP_Management - INFO - Scheduler started
2026-01-17 18:03:07,261 - SPP_Management - INFO - Scheduler started
2026-01-17 18:03:07,261 - SPP_Management - INFO - Billing scheduler configured successfully
2026-01-17 18:03:07,262 - SPP_Management - INFO - Billing scheduler configured successfully
2026-01-17 18:03:07,301 - SPP_Management - INFO - Scheduler started
2026-01-17 18:03:07,301 - SPP_Management - INFO - Billing scheduler configured successfully
2026-01-17 18:03:44,643 - SPP_Management - INFO - Scheduler started
2026-01-17 18:03:44,644 - SPP_Management - INFO - Billing scheduler configured successfully
2026-01-17 18:03:45,340 - SPP_Management - INFO - Scheduler started
2026-01-17 18:03:45,341 - SPP_Management - INFO - Billing scheduler configured successfully
2026-01-17 18:04:29,149 - SPP_Management - INFO - Scheduler started
2026-01-17 18:04:29,149 - SPP_Management - INFO - Scheduler started
2026-01-17 18:04:29,150 - SPP_Management - INFO - Billing scheduler configured successfully
2026-01-17 18:04:29,491 - SPP_Management - INFO - Scheduler started
2026-01-17 18:04:29,492 - SPP_Management - INFO - Billing scheduler configured successfully
2026-01-17 18:04:47,838 - SPP_Management - INFO - Billing 1 deleted successfully
2026-01-17 18:05:12,678 - SPP_Management - INFO - Billing 2 deleted successfully
